<?xml version="1.0" encoding="UTF-8"?>
<!-- Generated by org.testng.reporters.JUnitReportReporter -->
<testsuite hostname="DESKTOP-JC9KBOP" failures="0" tests="1" name="SeleniumTesting.ProductPurchase_TestNG" time="0.320" errors="0" timestamp="2023-12-07T13:36:34 OMST" skipped="0">
  <testcase classname="SeleniumTesting.ProductPurchase_TestNG" name="logIn" time="0.320"/>
  <system-out/>
</testsuite> <!-- SeleniumTesting.ProductPurchase_TestNG -->
